app/build/outputs/logs/manifest-merger-debug-report.txt
-- Merging decision tree log ---
manifest
ADDED from src\main\AndroidManifest.xml:2:1-127:12
	package
		ADDED from src\main\AndroidManifest.xml:4:5-52
		INJECTED from src\main\AndroidManifest.xml
		INJECTED from src\main\AndroidManifest.xml
	android:versionName
		ADDED from src\main\AndroidManifest.xml:6:5-30
		INJECTED from src\main\AndroidManifest.xml
		INJECTED from src\main\AndroidManifest.xml
	xmlns:tools
		ADDED from src\main\AndroidManifest.xml:3:5-51
	android:versionCode
		ADDED from src\main\AndroidManifest.xml:5:5-28
		INJECTED from src\main\AndroidManifest.xml
		INJECTED from src\main\AndroidManifest.xml
	xmlns:android
		ADDED from src\main\AndroidManifest.xml:2:11-69
uses-sdk
ADDED from src\main\AndroidManifest.xml:8:5-10:41
MERGED from [com.android.support.constraint:constraint-layout:1.0.2] AndroidManifest.xml:5:5-7:41
MERGED from [com.google.android.gms:play-services-vision:15.0.2] AndroidManifest.xml:5:5-44
MERGED from [com.google.android.gms:play-services-vision-common:15.0.2] AndroidManifest.xml:5:5-44
MERGED from [com.google.android.gms:play-services-clearcut:15.0.1] AndroidManifest.xml:20:5-44
MERGED from [com.google.android.gms:play-services-flags:15.0.1] AndroidManifest.xml:20:5-44
MERGED from [com.google.android.gms:play-services-phenotype:15.0.1] AndroidManifest.xml:20:5-44
MERGED from [com.google.android.gms:play-services-base:15.0.1] AndroidManifest.xml:20:5-44
MERGED from [com.google.android.gms:play-services-tasks:15.0.1] AndroidManifest.xml:5:5-44
MERGED from [com.google.android.gms:play-services-basement:15.0.1] AndroidManifest.xml:20:5-44
MERGED from [:IntellegoOCR-release-1.0:] AndroidManifest.xml:7:5-9:41
MERGED from [:IntellegoLiveness-release-1.0:] AndroidManifest.xml:7:5-9:41
MERGED from [com.android.support:design:23.1.1] AndroidManifest.xml:20:5-43
MERGED from [com.android.support:appcompat-v7:23.1.1] AndroidManifest.xml:20:5-43
MERGED from [com.android.support:recyclerview-v7:23.1.1] AndroidManifest.xml:20:5-43
MERGED from [com.android.support:support-v4:26.1.0] AndroidManifest.xml:21:5-23:54
MERGED from [com.android.support:support-media-compat:26.1.0] AndroidManifest.xml:21:5-23:63
MERGED from [com.android.support:support-fragment:26.1.0] AndroidManifest.xml:21:5-23:60
MERGED from [com.android.support:support-core-ui:26.1.0] AndroidManifest.xml:21:5-23:58
MERGED from [com.android.support:support-core-utils:26.1.0] AndroidManifest.xml:21:5-23:61
MERGED from [com.android.support:support-compat:26.1.0] AndroidManifest.xml:21:5-23:58
MERGED from [android.arch.lifecycle:runtime:1.0.0] AndroidManifest.xml:20:5-22:41
MERGED from [com.mcxiaoke.volley:library-aar:1.0.0] AndroidManifest.xml:3:5-72
	tools:overrideLibrary
		ADDED from [com.android.support:support-v4:26.1.0] AndroidManifest.xml:23:9-51
	android:targetSdkVersion
		ADDED from src\main\AndroidManifest.xml:10:9-38
		INJECTED from src\main\AndroidManifest.xml
		INJECTED from src\main\AndroidManifest.xml
	android:minSdkVersion
		ADDED from src\main\AndroidManifest.xml:9:9-34
		INJECTED from src\main\AndroidManifest.xml
		INJECTED from src\main\AndroidManifest.xml
uses-permission#android.permission.INTERNET
ADDED from src\main\AndroidManifest.xml:12:5-67
MERGED from [:IntellegoLiveness-release-1.0:] AndroidManifest.xml:13:5-67
	android:name
		ADDED from src\main\AndroidManifest.xml:12:22-64
uses-permission#android.permission.CAMERA
ADDED from src\main\AndroidManifest.xml:13:5-65
MERGED from [:IntellegoOCR-release-1.0:] AndroidManifest.xml:25:5-65
MERGED from [:IntellegoLiveness-release-1.0:] AndroidManifest.xml:14:5-65
	android:name
		ADDED from src\main\AndroidManifest.xml:13:22-62
uses-permission#android.permission.ACCESS_NETWORK_STATE
ADDED from src\main\AndroidManifest.xml:14:5-79
MERGED from [:IntellegoOCR-release-1.0:] AndroidManifest.xml:24:5-79
	android:name
		ADDED from src\main\AndroidManifest.xml:14:22-76
uses-permission#android.permission.WRITE_EXTERNAL_STORAGE
ADDED from src\main\AndroidManifest.xml:15:5-81
MERGED from [:IntellegoLiveness-release-1.0:] AndroidManifest.xml:12:5-81
	android:name
		ADDED from src\main\AndroidManifest.xml:15:22-78
uses-permission#android.permission.KILL_BACKGROUND_PROCESSES
ADDED from src\main\AndroidManifest.xml:16:5-84
	android:name
		ADDED from src\main\AndroidManifest.xml:16:22-81
uses-permission#android.permission.ACCESS_FINE_LOCATION
ADDED from src\main\AndroidManifest.xml:17:5-79
	android:name
		ADDED from src\main\AndroidManifest.xml:17:22-76
uses-permission#android.permission.ACCESS_COARSE_LOCATION
ADDED from src\main\AndroidManifest.xml:18:5-81
	android:name
		ADDED from src\main\AndroidManifest.xml:18:22-78
uses-permission#android.permission.READ_PHONE_STATE
ADDED from src\main\AndroidManifest.xml:19:5-75
	android:name
		ADDED from src\main\AndroidManifest.xml:19:22-72
uses-permission#android.permission.READ_EXTERNAL_STORAGE
ADDED from src\main\AndroidManifest.xml:20:5-80
MERGED from [:IntellegoLiveness-release-1.0:] AndroidManifest.xml:11:5-80
	android:name
		ADDED from src\main\AndroidManifest.xml:20:22-77
uses-feature#android.hardware.camera
ADDED from src\main\AndroidManifest.xml:22:5-24:35
MERGED from [:IntellegoOCR-release-1.0:] AndroidManifest.xml:14:5-16:35
	android:required
		ADDED from src\main\AndroidManifest.xml:24:9-32
	android:name
		ADDED from src\main\AndroidManifest.xml:23:9-47
uses-feature#android.hardware.camera.autofocus
ADDED from src\main\AndroidManifest.xml:26:5-28:35
MERGED from [:IntellegoOCR-release-1.0:] AndroidManifest.xml:17:5-19:35
	android:required
		ADDED from src\main\AndroidManifest.xml:28:9-32
	android:name
		ADDED from src\main\AndroidManifest.xml:27:9-57
uses-feature#0x00020000
ADDED from src\main\AndroidManifest.xml:30:5-32:36
MERGED from [:IntellegoOCR-release-1.0:] AndroidManifest.xml:20:5-22:36
	android:glEsVersion
		ADDED from src\main\AndroidManifest.xml:31:9-41
	android:required
		ADDED from src\main\AndroidManifest.xml:32:9-33
application
ADDED from src\main\AndroidManifest.xml:34:5-125:19
MERGED from [com.android.support.constraint:constraint-layout:1.0.2] AndroidManifest.xml:9:5-20
MERGED from [com.google.android.gms:play-services-vision:15.0.2] AndroidManifest.xml:7:5-20
MERGED from [com.google.android.gms:play-services-vision-common:15.0.2] AndroidManifest.xml:7:5-20
MERGED from [com.google.android.gms:play-services-clearcut:15.0.1] AndroidManifest.xml:22:5-20
MERGED from [com.google.android.gms:play-services-phenotype:15.0.1] AndroidManifest.xml:22:5-20
MERGED from [com.google.android.gms:play-services-base:15.0.1] AndroidManifest.xml:22:5-27:19
MERGED from [com.google.android.gms:play-services-tasks:15.0.1] AndroidManifest.xml:7:5-20
MERGED from [com.google.android.gms:play-services-basement:15.0.1] AndroidManifest.xml:22:5-26:19
MERGED from [:IntellegoOCR-release-1.0:] AndroidManifest.xml:27:5-34:19
MERGED from [:IntellegoLiveness-release-1.0:] AndroidManifest.xml:16:5-23:19
MERGED from [com.android.support:design:23.1.1] AndroidManifest.xml:22:5-20
MERGED from [com.android.support:appcompat-v7:23.1.1] AndroidManifest.xml:22:5-20
MERGED from [com.android.support:support-v4:26.1.0] AndroidManifest.xml:25:5-29:19
MERGED from [com.android.support:support-media-compat:26.1.0] AndroidManifest.xml:25:5-29:19
MERGED from [com.android.support:support-fragment:26.1.0] AndroidManifest.xml:25:5-29:19
MERGED from [com.android.support:support-core-ui:26.1.0] AndroidManifest.xml:25:5-29:19
MERGED from [com.android.support:support-core-utils:26.1.0] AndroidManifest.xml:25:5-29:19
MERGED from [com.android.support:support-compat:26.1.0] AndroidManifest.xml:25:5-29:19
MERGED from [android.arch.lifecycle:runtime:1.0.0] AndroidManifest.xml:24:5-28:19
MERGED from [com.mcxiaoke.volley:library-aar:1.0.0] AndroidManifest.xml:5:5-19
	android:label
		ADDED from src\main\AndroidManifest.xml:38:9-41
	android:allowBackup
		ADDED from src\main\AndroidManifest.xml:36:9-35
	android:icon
		ADDED from src\main\AndroidManifest.xml:37:9-42
	android:theme
		ADDED from src\main\AndroidManifest.xml:39:9-40
	android:name
		ADDED from src\main\AndroidManifest.xml:35:9-42
meta-data#com.google.android.gms.version
ADDED from src\main\AndroidManifest.xml:41:9-43:68
MERGED from [com.google.android.gms:play-services-basement:15.0.1] AndroidManifest.xml:23:9-25:69
MERGED from [:IntellegoOCR-release-1.0:] AndroidManifest.xml:28:9-30:69
MERGED from [:IntellegoLiveness-release-1.0:] AndroidManifest.xml:17:9-19:69
	android:value
		ADDED from src\main\AndroidManifest.xml:43:13-66
	android:name
		ADDED from src\main\AndroidManifest.xml:42:13-58
meta-data#com.google.android.gms.vision.DEPENDENCIES
ADDED from src\main\AndroidManifest.xml:45:9-48:44
MERGED from [:IntellegoOCR-release-1.0:] AndroidManifest.xml:31:9-33:35
MERGED from [:IntellegoLiveness-release-1.0:] AndroidManifest.xml:20:9-22:36
	android:value
		ADDED from src\main\AndroidManifest.xml:47:13-37
		REJECTED from [:IntellegoOCR-release-1.0:] AndroidManifest.xml:33:13-32
		REJECTED from [:IntellegoLiveness-release-1.0:] AndroidManifest.xml:22:13-33
	tools:replace
		ADDED from src\main\AndroidManifest.xml:48:13-42
	android:name
		ADDED from src\main\AndroidManifest.xml:46:13-70
activity#info.fuelsubsidy.loginandregistration.activity.LoginActivity
ADDED from src\main\AndroidManifest.xml:52:9-56:64
	android:label
		ADDED from src\main\AndroidManifest.xml:54:13-45
	android:launchMode
		ADDED from src\main\AndroidManifest.xml:55:13-43
	android:windowSoftInputMode
		ADDED from src\main\AndroidManifest.xml:56:13-52
	android:name
		ADDED from src\main\AndroidManifest.xml:53:13-51
activity#info.fuelsubsidy.loginandregistration.activity.RegisterActivity
ADDED from src\main\AndroidManifest.xml:57:9-61:55
	android:label
		ADDED from src\main\AndroidManifest.xml:59:13-45
	android:launchMode
		ADDED from src\main\AndroidManifest.xml:60:13-43
	android:windowSoftInputMode
		ADDED from src\main\AndroidManifest.xml:61:13-52
	android:name
		ADDED from src\main\AndroidManifest.xml:58:13-54
activity#info.fuelsubsidy.loginandregistration.activity.mykad
ADDED from src\main\AndroidManifest.xml:62:9-68:20
	android:label
		ADDED from src\main\AndroidManifest.xml:64:13-45
	android:launchMode
		ADDED from src\main\AndroidManifest.xml:65:13-43
	android:windowSoftInputMode
		ADDED from src\main\AndroidManifest.xml:66:13-52
	android:name
		ADDED from src\main\AndroidManifest.xml:63:13-43
activity#info.fuelsubsidy.loginandregistration.activity.Welcome
ADDED from src\main\AndroidManifest.xml:70:9-80:20
	android:label
		ADDED from src\main\AndroidManifest.xml:72:13-45
	android:launchMode
		ADDED from src\main\AndroidManifest.xml:73:13-43
	android:windowSoftInputMode
		ADDED from src\main\AndroidManifest.xml:74:13-52
	android:name
		ADDED from src\main\AndroidManifest.xml:71:13-45
intent-filter#android.intent.action.MAIN+android.intent.category.LAUNCHER
ADDED from src\main\AndroidManifest.xml:75:13-79:29
action#android.intent.action.MAIN
ADDED from src\main\AndroidManifest.xml:76:17-69
	android:name
		ADDED from src\main\AndroidManifest.xml:76:25-66
category#android.intent.category.LAUNCHER
ADDED from src\main\AndroidManifest.xml:78:17-77
	android:name
		ADDED from src\main\AndroidManifest.xml:78:27-74
activity#info.fuelsubsidy.loginandregistration.activity.MainActivity
ADDED from src\main\AndroidManifest.xml:84:9-87:46
	android:label
		ADDED from src\main\AndroidManifest.xml:86:13-45
	android:launchMode
		ADDED from src\main\AndroidManifest.xml:87:13-43
	android:name
		ADDED from src\main\AndroidManifest.xml:85:13-50
activity#info.fuelsubsidy.loginandregistration.activity.loyalty
ADDED from src\main\AndroidManifest.xml:88:9-91:46
	android:label
		ADDED from src\main\AndroidManifest.xml:90:13-45
	android:launchMode
		ADDED from src\main\AndroidManifest.xml:91:13-43
	android:name
		ADDED from src\main\AndroidManifest.xml:89:13-45
activity#info.fuelsubsidy.loginandregistration.activity.roadtax
ADDED from src\main\AndroidManifest.xml:92:9-95:46
	android:label
		ADDED from src\main\AndroidManifest.xml:94:13-45
	android:launchMode
		ADDED from src\main\AndroidManifest.xml:95:13-43
	android:name
		ADDED from src\main\AndroidManifest.xml:93:13-45
activity#info.fuelsubsidy.loginandregistration.activity.preview
ADDED from src\main\AndroidManifest.xml:96:9-99:46
	android:label
		ADDED from src\main\AndroidManifest.xml:98:13-45
	android:launchMode
		ADDED from src\main\AndroidManifest.xml:99:13-43
	android:name
		ADDED from src\main\AndroidManifest.xml:97:13-45
provider#android.support.v4.content.FileProvider
ADDED from src\main\AndroidManifest.xml:101:9-109:20
	android:authorities
		ADDED from src\main\AndroidManifest.xml:103:13-66
	android:grantUriPermissions
		ADDED from src\main\AndroidManifest.xml:105:13-47
	android:exported
		ADDED from src\main\AndroidManifest.xml:104:13-37
	android:name
		ADDED from src\main\AndroidManifest.xml:102:13-67
meta-data#android.support.FILE_PROVIDER_PATHS
ADDED from src\main\AndroidManifest.xml:106:13-108:58
	android:resource
		ADDED from src\main\AndroidManifest.xml:108:17-55
	android:name
		ADDED from src\main\AndroidManifest.xml:107:17-67
activity#com.intellego.ocr.MyKadOcrActivity
ADDED from src\main\AndroidManifest.xml:111:9-113:58
	android:theme
		ADDED from src\main\AndroidManifest.xml:113:13-56
	android:name
		ADDED from src\main\AndroidManifest.xml:112:13-62
activity#info.fuelsubsidy.loginandregistration.activity.creditcard
ADDED from src\main\AndroidManifest.xml:115:9-118:46
	android:label
		ADDED from src\main\AndroidManifest.xml:117:13-45
	android:launchMode
		ADDED from src\main\AndroidManifest.xml:118:13-43
	android:name
		ADDED from src\main\AndroidManifest.xml:116:13-48
activity#com.intellego.livenesstest.FaceLivenessActivity
ADDED from src\main\AndroidManifest.xml:120:9-123:59
	android:screenOrientation
		ADDED from src\main\AndroidManifest.xml:122:13-51
	android:theme
		ADDED from src\main\AndroidManifest.xml:123:13-56
	android:name
		ADDED from src\main\AndroidManifest.xml:121:13-75
activity#com.google.android.gms.common.api.GoogleApiActivity
ADDED from [com.google.android.gms:play-services-base:15.0.1] AndroidManifest.xml:23:9-26:75
	android:exported
		ADDED from [com.google.android.gms:play-services-base:15.0.1] AndroidManifest.xml:25:13-37
	android:theme
		ADDED from [com.google.android.gms:play-services-base:15.0.1] AndroidManifest.xml:26:13-72
	android:name
		ADDED from [com.google.android.gms:play-services-base:15.0.1] AndroidManifest.xml:24:13-79
uses-feature#android.hardware.nfc
ADDED from [:IntellegoOCR-release-1.0:] AndroidManifest.xml:11:5-13:35
	android:required
		ADDED from [:IntellegoOCR-release-1.0:] AndroidManifest.xml:13:9-32
	android:name
		ADDED from [:IntellegoOCR-release-1.0:] AndroidManifest.xml:12:9-44
meta-data#android.support.VERSION
ADDED from [com.android.support:support-v4:26.1.0] AndroidManifest.xml:26:9-28:38
MERGED from [com.android.support:support-media-compat:26.1.0] AndroidManifest.xml:26:9-28:38
MERGED from [com.android.support:support-fragment:26.1.0] AndroidManifest.xml:26:9-28:38
MERGED from [com.android.support:support-core-ui:26.1.0] AndroidManifest.xml:26:9-28:38
MERGED from [com.android.support:support-core-utils:26.1.0] AndroidManifest.xml:26:9-28:38
MERGED from [com.android.support:support-compat:26.1.0] AndroidManifest.xml:26:9-28:38
	android:value
		ADDED from [com.android.support:support-v4:26.1.0] AndroidManifest.xml:28:13-35
	android:name
		ADDED from [com.android.support:support-v4:26.1.0] AndroidManifest.xml:27:13-51
meta-data#android.arch.lifecycle.VERSION
ADDED from [android.arch.lifecycle:runtime:1.0.0] AndroidManifest.xml:25:9-27:47
	android:value
		ADDED from [android.arch.lifecycle:runtime:1.0.0] AndroidManifest.xml:27:13-44
	android:name
		ADDED from [android.arch.lifecycle:runtime:1.0.0] AndroidManifest.xml:26:13-58